Arguments: 
  /opt/homebrew/Cellar/node/18.8.0_1/bin/node /opt/homebrew/Cellar/yarn/1.22.19/libexec/bin/yarn.js add mongodb

PATH: 
  /opt/homebrew/bin:/opt/homebrew/sbin:/usr/local/bin:/usr/bin:/bin:/usr/sbin:/sbin:/Users/lukasmeinhart/Library/Android/sdk/platform-tools:/opt/homebrew/bin:/opt/homebrew/sbin

Yarn version: 
  1.22.19

Node version: 
  18.8.0

Platform: 
  darwin arm64

Trace: 
  SyntaxError: /Users/lukasmeinhart/projects/boilerplate-mongomongoose/package.json: Unexpected token ` in JSON at position 176
      at JSON.parse (<anonymous>)
      at /opt/homebrew/Cellar/yarn/1.22.19/libexec/lib/cli.js:1629:59
      at Generator.next (<anonymous>)
      at step (/opt/homebrew/Cellar/yarn/1.22.19/libexec/lib/cli.js:310:30)
      at /opt/homebrew/Cellar/yarn/1.22.19/libexec/lib/cli.js:321:13

npm manifest: 
  {
    "name": "fcc-mongo-mongoose-challenges",
    "version": "0.0.1",
    "description": "A boilerplate project",
    "main": "server.js",
    "scripts": {
      "start": "node server.js"`
    },
    "dependencies": {
      "body-parser": "^1.15.2",
      "dotenv": "^8.2.0",
      "express": "^4.12.4",
      "mongoose": "^5.11.15"
    },
    "repository": {
      "type": "git",
      "url": "https://github.com/freeCodeCamp/boilerplate-mongomongoose.git"
    },
    "keywords": [
      "node",
      "mongoose",
      "express"
    ],
    "license": "MIT"
  }

yarn manifest: 
  No manifest

Lockfile: 
  No lockfile
